Build started 26-May-20 6:41:26 AM.
     1>Project "c:\Users\ALRAHMA\documents\visual studio 2010\Projects\OOP Project\OOP Project\OOP Project.vcxproj" on node 2 (build target(s)).
     1>InitializeBuildStatus:
         Creating "Debug\OOP Project.unsuccessfulbuild" because "AlwaysCreate" was specified.
       ClCompile:
         C:\Program Files (x86)\Microsoft Visual Studio 10.0\VC\bin\CL.exe /c /ZI /nologo /W3 /WX- /Od /Oy- /D _MBCS /Gm /EHsc /RTC1 /MDd /GS /fp:precise /Zc:wchar_t /Zc:forScope /Fo"Debug\\" /Fd"Debug\vc100.pdb" /Gd /TP /analyze- /errorReport:prompt "OOP Project.cpp"
         OOP Project.cpp
     1>c:\users\alrahma\documents\visual studio 2010\projects\oop project\oop project\oop project.cpp(66): warning C4244: '-=' : conversion from 'double' to 'float', possible loss of data
       Link:
         C:\Program Files (x86)\Microsoft Visual Studio 10.0\VC\bin\link.exe /ERRORREPORT:PROMPT /OUT:"c:\users\alrahma\documents\visual studio 2010\Projects\OOP Project\Debug\OOP Project.exe" /NOLOGO kernel32.lib user32.lib gdi32.lib winspool.lib comdlg32.lib advapi32.lib shell32.lib ole32.lib oleaut32.lib uuid.lib odbc32.lib odbccp32.lib /MANIFEST /ManifestFile:"Debug\OOP Project.exe.intermediate.manifest" /MANIFESTUAC:"level='asInvoker' uiAccess='false'" /DEBUG /PDB:"c:\users\alrahma\documents\visual studio 2010\Projects\OOP Project\Debug\OOP Project.pdb" /TLBID:1 /DYNAMICBASE /NXCOMPAT /IMPLIB:"c:\users\alrahma\documents\visual studio 2010\Projects\OOP Project\Debug\OOP Project.lib" /MACHINE:X86 "Debug\OOP Project.obj"
         LINK : c:\users\alrahma\documents\visual studio 2010\Projects\OOP Project\Debug\OOP Project.exe not found or not built by the last incremental link; performing full link
         OOP Project.vcxproj -> c:\users\alrahma\documents\visual studio 2010\Projects\OOP Project\Debug\OOP Project.exe
       Manifest:
         C:\Program Files (x86)\Microsoft SDKs\Windows\v7.0A\bin\mt.exe /nologo /verbose /outputresource:"c:\users\alrahma\documents\visual studio 2010\Projects\OOP Project\Debug\OOP Project.exe;#1" /manifest "Debug\OOP Project.exe.intermediate.manifest"
       FinalizeBuildStatus:
         Deleting file "Debug\OOP Project.unsuccessfulbuild".
         Touching "Debug\OOP Project.lastbuildstate".
     1>Done Building Project "c:\Users\ALRAHMA\documents\visual studio 2010\Projects\OOP Project\OOP Project\OOP Project.vcxproj" (build target(s)).

Build succeeded.

Time Elapsed 00:00:00.78
